mode: set
github.com/robowealth-mutual-fund/blueprint-roa-golang/internals/controller/cart/create.go:10.119,19.16 2 1
github.com/robowealth-mutual-fund/blueprint-roa-golang/internals/controller/cart/create.go:19.16,21.3 1 0
github.com/robowealth-mutual-fund/blueprint-roa-golang/internals/controller/cart/create.go:22.2,22.51 1 1
github.com/robowealth-mutual-fund/blueprint-roa-golang/internals/controller/cart/init.go:11.51,15.2 1 1
github.com/robowealth-mutual-fund/blueprint-roa-golang/internals/service/cart/create.go:10.91,21.2 3 1
github.com/robowealth-mutual-fund/blueprint-roa-golang/internals/service/cart/init.go:11.58,15.2 1 1
